{
  "RSpec": {
    "coverage": {
      "/home/lewis/Repositories/Makers_Academy/10_Week/bank_tech_test/spec/account_spec.rb": [
        1,
        null,
        1,
        1,
        8,
        8,
        8,
        null,
        1,
        1,
        1,
        null,
        null,
        null,
        1,
        1,
        1,
        null,
        null,
        null,
        1,
        1,
        1,
        1,
        1,
        null,
        1,
        2,
        null,
        null,
        null,
        1,
        1,
        1,
        1,
        1,
        1,
        1,
        null,
        1,
        2,
        null,
        null,
        null,
        1,
        1,
        1,
        null,
        null,
        null
      ],
      "/home/lewis/Repositories/Makers_Academy/10_Week/bank_tech_test/lib/account.rb": [
        1,
        null,
        1,
        1,
        null,
        1,
        7,
        7,
        null,
        null,
        1,
        1,
        null,
        null,
        1,
        3,
        2,
        2,
        null,
        null,
        1,
        2,
        1,
        1,
        null,
        null,
        1,
        null,
        1,
        2,
        null,
        null,
        1,
        1,
        null,
        null
      ],
      "/home/lewis/Repositories/Makers_Academy/10_Week/bank_tech_test/lib/transaction_history_view.rb": [
        1,
        null,
        1,
        null,
        1,
        null,
        1,
        2,
        null,
        null,
        1,
        1,
        null,
        null,
        1,
        null,
        1,
        1,
        1,
        null,
        1,
        null,
        null
      ],
      "/home/lewis/Repositories/Makers_Academy/10_Week/bank_tech_test/lib/transaction_history.rb": [
        1,
        null,
        1,
        null,
        1,
        null,
        1,
        4,
        4,
        null,
        null,
        1,
        1,
        null,
        null,
        1,
        1,
        null,
        null,
        null
      ],
      "/home/lewis/Repositories/Makers_Academy/10_Week/bank_tech_test/lib/transaction.rb": [
        1,
        null,
        1,
        1,
        null,
        1,
        2,
        2,
        2,
        2,
        null,
        null,
        null
      ],
      "/home/lewis/Repositories/Makers_Academy/10_Week/bank_tech_test/spec/transaction_history_spec.rb": [
        1,
        null,
        1,
        5,
        2,
        2,
        5,
        null,
        1,
        1,
        1,
        null,
        null,
        null,
        1,
        1,
        1,
        null,
        null,
        null,
        1,
        1,
        1,
        1,
        1,
        null,
        null,
        null,
        1,
        1,
        1,
        1,
        1,
        null,
        null,
        null,
        null
      ],
      "/home/lewis/Repositories/Makers_Academy/10_Week/bank_tech_test/spec/transaction_history_view_spec.rb": [
        1,
        null,
        1,
        3,
        3,
        3,
        null,
        1,
        1,
        1,
        null,
        null,
        null,
        1,
        1,
        2,
        null,
        null,
        null,
        null,
        null
      ],
      "/home/lewis/Repositories/Makers_Academy/10_Week/bank_tech_test/spec/transaction_spec.rb": [
        1,
        null,
        1,
        null,
        1,
        1,
        1,
        1,
        null,
        null,
        1,
        1,
        1,
        1,
        null,
        null,
        null
      ]
    },
    "timestamp": 1514910787
  }
}
