{
  "RSpec": {
    "coverage": {
      "/home/lewis/Repositories/Makers_Academy/10_Week/bank_tech_test/spec/account_spec.rb": [
        1,
        null,
        1,
        1,
        7,
        1,
        6,
        null,
        null,
        null,
        null,
        null,
        7,
        7,
        7,
        null,
        1,
        1,
        1,
        null,
        null,
        null,
        1,
        1,
        1,
        null,
        null,
        null,
        1,
        1,
        1,
        1,
        1,
        null,
        null,
        null,
        1,
        1,
        1,
        1,
        1,
        1,
        1,
        null,
        null,
        null,
        1,
        1,
        1,
        null,
        null,
        null,
        1,
        1,
        1,
        null,
        null,
        null
      ],
      "/home/lewis/Repositories/Makers_Academy/10_Week/bank_tech_test/lib/account.rb": [
        1,
        1,
        1,
        null,
        null,
        1,
        1,
        null,
        1,
        null,
        1,
        null,
        null,
        null,
        null,
        6,
        6,
        6,
        null,
        null,
        1,
        1,
        null,
        null,
        1,
        2,
        2,
        2,
        null,
        null,
        1,
        1,
        1,
        1,
        null,
        null,
        1,
        null,
        1,
        1,
        1,
        1,
        null,
        null,
        1,
        2,
        2,
        null,
        null,
        1,
        null,
        null,
        2,
        null,
        null,
        1,
        null,
        null,
        1,
        null,
        null
      ],
      "/home/lewis/Repositories/Makers_Academy/10_Week/bank_tech_test/lib/transaction_history_view.rb": [
        1,
        null,
        null,
        1,
        1,
        null,
        1,
        0,
        null,
        null,
        1,
        0,
        null,
        null,
        1,
        null,
        1,
        0,
        0,
        null,
        0,
        null,
        null
      ],
      "/home/lewis/Repositories/Makers_Academy/10_Week/bank_tech_test/lib/transaction_history.rb": [
        1,
        null,
        null,
        1,
        1,
        null,
        1,
        null,
        1,
        0,
        0,
        null,
        null,
        1,
        0,
        null,
        null,
        1,
        0,
        null,
        null
      ],
      "/home/lewis/Repositories/Makers_Academy/10_Week/bank_tech_test/lib/transaction.rb": [
        1,
        null,
        null,
        1,
        1,
        null,
        1,
        0,
        0,
        0,
        0,
        null,
        null,
        1,
        null,
        1,
        0,
        0,
        null,
        null
      ],
      "/home/lewis/Repositories/Makers_Academy/10_Week/bank_tech_test/lib/balance.rb": [
        1,
        null,
        1,
        null,
        1,
        null,
        1,
        0,
        null,
        null,
        1,
        0,
        null,
        null,
        1,
        0,
        null,
        null
      ],
      "/home/lewis/Repositories/Makers_Academy/10_Week/bank_tech_test/lib/error.rb": [
        1,
        null,
        1,
        0,
        0,
        0,
        null,
        null,
        1,
        0,
        0,
        null,
        null
      ]
    },
    "timestamp": 1517314103
  }
}
